#
# A fatal error has been detected by the Java Runtime Environment:
#
#  EXCEPTION_ACCESS_VIOLATION (0xc0000005) at pc=0x00007fff7263b4c7, pid=27540, tid=41912
#
# JRE version: Java(TM) SE Runtime Environment (9.0+11) (build 9.0.4+11)
# Java VM: Java HotSpot(TM) 64-Bit Server VM (9.0.4+11, mixed mode, tiered, compressed oops, g1 gc, windows-amd64)
# Problematic frame:
# C  [igxelpicd64.dll+0x2b4c7]
#
# No core dump will be written. Minidumps are not enabled by default on client versions of Windows
#
# If you would like to submit a bug report, please visit:
#   http://bugreport.java.com/bugreport/crash.jsp
# The crash happened outside the Java Virtual Machine in native code.
# See problematic frame for where to report the bug.
#

---------------  S U M M A R Y ------------

Command Line: -ea -Dfile.encoding=Cp1252 Main

Host: 12th Gen Intel(R) Core(TM) i7-12700H, 20 cores, 39G,  Windows 10 , 64 bit Build 26100 (10.0.26100.4484)
Time: Mon Aug 04 23:39:32 2025 Eastern Summer Time elapsed time: 0 seconds (0d 0h 0m 0s)

---------------  T H R E A D  ---------------

Current thread (0x0000022aab199800):  JavaThread "main" [_thread_in_native, id=41912, stack(0x0000006cd3b00000,0x0000006cd3c00000)]

Stack: [0x0000006cd3b00000,0x0000006cd3c00000],  sp=0x0000006cd3bfe2c0,  free space=1016k
Native frames: (J=compiled Java code, j=interpreted, Vv=VM code, C=native code)
C  [igxelpicd64.dll+0x2b4c7]
C  [igxelpicd64.dll+0x337752]
C  [igxelpicd64.dll+0x335391]
C  [igxelpicd64.dll+0x337f49]
C  [igxelpicd64.dll+0x369405]
C  [igxelpicd64.dll+0xac2750]
C  [igxelpicd64.dll+0x3452e3]
C  [igxelpicd64.dll+0x341533]
C  [igxelpicd64.dll+0x346068]
C  [opengl32.dll+0x31d0b]
C  [lwjgl_opengl.dll+0xcab5]
C  0x0000022ab388921c

Java frames: (J=compiled Java code, j=interpreted, Vv=VM code)
j  org.lwjgl.opengl.GL11C.nglTexImage2D(IIIIIIIIJ)V+0
j  org.lwjgl.opengl.GL11C.glTexImage2D(IIIIIIIILjava/nio/ByteBuffer;)V+17
j  org.lwjgl.opengl.GL11.glTexImage2D(IIIIIIIILjava/nio/ByteBuffer;)V+14
j  renderer.Texture.<init>(Ljava/lang/String;)V+132
j  jade.LevelEditorScene.init()V+45
j  jade.Window.changeScene(I)V+37
j  jade.Window.init()V+162
j  jade.Window.run()V+1
j  Main.main([Ljava/lang/String;)V+5
v  ~StubRoutines::call_stub

siginfo: EXCEPTION_ACCESS_VIOLATION (0xc0000005), reading address 0x0000022ae77d0000


Register to memory mapping:

RIP=0x00007fff7263b4c7 igxelpicd64.dll
RAX=0x0000000000000008 is an unknown value
RBX=0x0000006cd3bfe380 is pointing into the stack for thread: 0x0000022aab199800
RCX=0x0000000000000012 is an unknown value
RDX=0x0000022ae77cfff0 is an unknown value
RSP=0x0000006cd3bfe2c0 is pointing into the stack for thread: 0x0000022aab199800
RBP=0x000000000000002c is an unknown value
RSI=0x0000022ae77cfbf0 is an unknown value
RDI=0x0000022ae473e380 is an unknown value
R8 =0x0000000000000960 is an unknown value
R9 =0x0000000000000009 is an unknown value
R10=0x0000000000000000 is an unknown value
R11=0x0000000000000960 is an unknown value
R12=0x0000000000000000 is an unknown value
R13=0x0000000000000001 is an unknown value
R14=0x0000006cd3bfe500 is pointing into the stack for thread: 0x0000022aab199800
R15=0x0000000000000049 is an unknown value


Registers:
RAX=0x0000000000000008, RBX=0x0000006cd3bfe380, RCX=0x0000000000000012, RDX=0x0000022ae77cfff0
RSP=0x0000006cd3bfe2c0, RBP=0x000000000000002c, RSI=0x0000022ae77cfbf0, RDI=0x0000022ae473e380
R8 =0x0000000000000960, R9 =0x0000000000000009, R10=0x0000000000000000, R11=0x0000000000000960
R12=0x0000000000000000, R13=0x0000000000000001, R14=0x0000006cd3bfe500, R15=0x0000000000000049
RIP=0x00007fff7263b4c7, EFLAGS=0x0000000000010207

Top of Stack: (sp=0x0000006cd3bfe2c0)
0x0000006cd3bfe2c0:   0000000000000000 0000000000000000
0x0000006cd3bfe2d0:   0000000000000000 0000000000000000
0x0000006cd3bfe2e0:   0000022ae473df80 00007fff72947752
0x0000006cd3bfe2f0:   0000022ae104d250 0000000000000000
0x0000006cd3bfe300:   0000006cd3bfe500 0000000000000001
0x0000006cd3bfe310:   0000006cd3bfe500 00007fff72945391
0x0000006cd3bfe320:   0000022ae4690000 0000006cd3bfe420
0x0000006cd3bfe330:   0000000000000000 0000000000000980
0x0000006cd3bfe340:   0000000000000049 0000022a00000001
0x0000006cd3bfe350:   0000022ae7724110 0000022ae717e600
0x0000006cd3bfe360:   0000022ae717e630 0000000000000002
0x0000006cd3bfe370:   0000022ae11c6680 0000022ae11fb550
0x0000006cd3bfe380:   00007fff731e4208 0000022ae11c6680
0x0000006cd3bfe390:   0000015200000258 0000004900000000
0x0000006cd3bfe3a0:   0000096000000004 0000022ae7724110
0x0000006cd3bfe3b0:   00000004d3bf0049 00007fff00000980 

Instructions: (pc=0x00007fff7263b4c7)
0x00007fff7263b4a7:   0f 0f 85 b0 00 00 00 48 83 c4 20 5f c3 48 85 c9
0x00007fff7263b4b7:   74 68 0f 1f 80 00 00 00 00 f3 0f 6f 02 41 ff c1
0x00007fff7263b4c7:   f3 0f 6f 4a 10 f3 0f 6f 52 20 f3 0f 6f 5a 30 f3
0x00007fff7263b4d7:   0f 6f 62 40 f3 0f 6f 6a 50 f3 0f 6f 72 60 f3 0f 



---------------  P R O C E S S  ---------------

Java Threads: ( => current thread )
  0x0000022ae0b82000 JavaThread "Service Thread" daemon [_thread_blocked, id=23708, stack(0x0000006cd7300000,0x0000006cd7400000)]
  0x0000022ae09e2800 JavaThread "Common-Cleaner" daemon [_thread_blocked, id=45680, stack(0x0000006cd7200000,0x0000006cd7300000)]
  0x0000022ae0921000 JavaThread "Sweeper thread" daemon [_thread_blocked, id=33660, stack(0x0000006cd7100000,0x0000006cd7200000)]
  0x0000022ae08bf000 JavaThread "C1 CompilerThread11" daemon [_thread_blocked, id=18496, stack(0x0000006cd7000000,0x0000006cd7100000)]
  0x0000022ae08bf800 JavaThread "C1 CompilerThread10" daemon [_thread_blocked, id=22052, stack(0x0000006cd6f00000,0x0000006cd7000000)]
  0x0000022ae08be000 JavaThread "C1 CompilerThread9" daemon [_thread_blocked, id=43792, stack(0x0000006cd6e00000,0x0000006cd6f00000)]
  0x0000022ae08bc000 JavaThread "C1 CompilerThread8" daemon [_thread_blocked, id=35308, stack(0x0000006cd6d00000,0x0000006cd6e00000)]
  0x0000022ae08bd800 JavaThread "C2 CompilerThread7" daemon [_thread_blocked, id=40284, stack(0x0000006cd6c00000,0x0000006cd6d00000)]
  0x0000022ae08aa000 JavaThread "C2 CompilerThread6" daemon [_thread_blocked, id=41144, stack(0x0000006cd6b00000,0x0000006cd6c00000)]
  0x0000022ae08a6000 JavaThread "C2 CompilerThread5" daemon [_thread_blocked, id=37152, stack(0x0000006cd6a00000,0x0000006cd6b00000)]
  0x0000022ae0894000 JavaThread "C2 CompilerThread4" daemon [_thread_blocked, id=7364, stack(0x0000006cd6900000,0x0000006cd6a00000)]
  0x0000022ae0893800 JavaThread "C2 CompilerThread3" daemon [_thread_blocked, id=1360, stack(0x0000006cd6800000,0x0000006cd6900000)]
  0x0000022ae0892800 JavaThread "C2 CompilerThread2" daemon [_thread_blocked, id=26108, stack(0x0000006cd6700000,0x0000006cd6800000)]
  0x0000022ae0891000 JavaThread "C2 CompilerThread1" daemon [_thread_blocked, id=14788, stack(0x0000006cd6600000,0x0000006cd6700000)]
  0x0000022ae0890000 JavaThread "C2 CompilerThread0" daemon [_thread_blocked, id=37508, stack(0x0000006cd6500000,0x0000006cd6600000)]
  0x0000022ae088f800 JavaThread "Attach Listener" daemon [_thread_blocked, id=36608, stack(0x0000006cd6400000,0x0000006cd6500000)]
  0x0000022ae088e800 JavaThread "Signal Dispatcher" daemon [_thread_blocked, id=45296, stack(0x0000006cd6300000,0x0000006cd6400000)]
  0x0000022ae087d800 JavaThread "Finalizer" daemon [_thread_blocked, id=16636, stack(0x0000006cd6200000,0x0000006cd6300000)]
  0x0000022ae0841000 JavaThread "Reference Handler" daemon [_thread_blocked, id=45752, stack(0x0000006cd6100000,0x0000006cd6200000)]
=>0x0000022aab199800 JavaThread "main" [_thread_in_native, id=41912, stack(0x0000006cd3b00000,0x0000006cd3c00000)]

Other Threads:
  0x0000022ae083e000 VMThread "VM Thread" [stack: 0x0000006cd6000000,0x0000006cd6100000] [id=4784]
  0x0000022ae0b83800 WatcherThread [stack: 0x0000006cd7400000,0x0000006cd7500000] [id=38952]
  0x0000022aab1b3000 GCTaskThread "GC Thread#0" [stack: 0x0000006cd3c00000,0x0000006cd3d00000] [id=25940]
  0x0000022aab1b4000 GCTaskThread "GC Thread#1" [stack: 0x0000006cd3d00000,0x0000006cd3e00000] [id=26408]
  0x0000022aab1b6800 GCTaskThread "GC Thread#2" [stack: 0x0000006cd3e00000,0x0000006cd3f00000] [id=19864]
  0x0000022aab1b8000 GCTaskThread "GC Thread#3" [stack: 0x0000006cd3f00000,0x0000006cd4000000] [id=16788]
  0x0000022aab1bb000 GCTaskThread "GC Thread#4" [stack: 0x0000006cd4000000,0x0000006cd4100000] [id=8308]
  0x0000022aab1c0800 GCTaskThread "GC Thread#5" [stack: 0x0000006cd4100000,0x0000006cd4200000] [id=45500]
  0x0000022aab1c1800 GCTaskThread "GC Thread#6" [stack: 0x0000006cd4200000,0x0000006cd4300000] [id=39568]
  0x0000022aab1c1000 GCTaskThread "GC Thread#7" [stack: 0x0000006cd4300000,0x0000006cd4400000] [id=4036]
  0x0000022aab1c2800 GCTaskThread "GC Thread#8" [stack: 0x0000006cd4400000,0x0000006cd4500000] [id=37652]
  0x0000022aab1c0000 GCTaskThread "GC Thread#9" [stack: 0x0000006cd4500000,0x0000006cd4600000] [id=45352]
  0x0000022aab1bf000 GCTaskThread "GC Thread#10" [stack: 0x0000006cd4600000,0x0000006cd4700000] [id=27460]
  0x0000022aab1c3800 GCTaskThread "GC Thread#11" [stack: 0x0000006cd4700000,0x0000006cd4800000] [id=37896]
  0x0000022aab1c5000 GCTaskThread "GC Thread#12" [stack: 0x0000006cd4800000,0x0000006cd4900000] [id=34608]
  0x0000022aab1c5800 GCTaskThread "GC Thread#13" [stack: 0x0000006cd4900000,0x0000006cd4a00000] [id=9092]
  0x0000022aab1c3000 GCTaskThread "GC Thread#14" [stack: 0x0000006cd4a00000,0x0000006cd4b00000] [id=33512]
  0x0000022aab247000 ConcurrentGCThread "G1 Main Marker" [stack: 0x0000006cd5b00000,0x0000006cd5c00000] [id=31672]
  0x0000022aab1c6000 ConcurrentGCThread "G1 Marker#0" [stack: 0x0000006cd5c00000,0x0000006cd5d00000] [id=10592]
  0x0000022aab1c4000 ConcurrentGCThread "G1 Marker#1" [stack: 0x0000006cd5d00000,0x0000006cd5e00000] [id=38064]
  0x0000022ac3b92000 ConcurrentGCThread "G1 Marker#2" [stack: 0x0000006cd5e00000,0x0000006cd5f00000] [id=35332]
  0x0000022ac3b92800 ConcurrentGCThread "G1 Marker#3" [stack: 0x0000006cd5f00000,0x0000006cd6000000] [id=44052]
  0x0000022aab210000 ConcurrentGCThread "G1 Refine#0" [stack: 0x0000006cd5900000,0x0000006cd5a00000] [id=2336]
  0x0000022aab20f000 ConcurrentGCThread "G1 Refine#1" [stack: 0x0000006cd5800000,0x0000006cd5900000] [id=35568]
  0x0000022aab20d000 ConcurrentGCThread "G1 Refine#2" [stack: 0x0000006cd5700000,0x0000006cd5800000] [id=26868]
  0x0000022aab20f800 ConcurrentGCThread "G1 Refine#3" [stack: 0x0000006cd5600000,0x0000006cd5700000] [id=37496]
  0x0000022aab20b800 ConcurrentGCThread "G1 Refine#4" [stack: 0x0000006cd5500000,0x0000006cd5600000] [id=31144]
  0x0000022aab20d800 ConcurrentGCThread "G1 Refine#5" [stack: 0x0000006cd5400000,0x0000006cd5500000] [id=38316]
  0x0000022aab20c000 ConcurrentGCThread "G1 Refine#6" [stack: 0x0000006cd5300000,0x0000006cd5400000] [id=1588]
  0x0000022aab203000 ConcurrentGCThread "G1 Refine#7" [stack: 0x0000006cd5200000,0x0000006cd5300000] [id=32800]
  0x0000022aab1ef000 ConcurrentGCThread "G1 Refine#8" [stack: 0x0000006cd5100000,0x0000006cd5200000] [id=10840]
  0x0000022aab1ee800 ConcurrentGCThread "G1 Refine#9" [stack: 0x0000006cd5000000,0x0000006cd5100000] [id=45596]
  0x0000022aab1e9800 ConcurrentGCThread "G1 Refine#10" [stack: 0x0000006cd4f00000,0x0000006cd5000000] [id=30624]
  0x0000022aab1e9000 ConcurrentGCThread "G1 Refine#11" [stack: 0x0000006cd4e00000,0x0000006cd4f00000] [id=43804]
  0x0000022aab1e6800 ConcurrentGCThread "G1 Refine#12" [stack: 0x0000006cd4d00000,0x0000006cd4e00000] [id=6332]
  0x0000022aab1e5800 ConcurrentGCThread "G1 Refine#13" [stack: 0x0000006cd4c00000,0x0000006cd4d00000] [id=18516]
  0x0000022aab1e5000 ConcurrentGCThread "G1 Refine#14" [stack: 0x0000006cd4b00000,0x0000006cd4c00000] [id=42260]
  0x0000022aab21a000 ConcurrentGCThread "G1 Young RemSet Sampling" [stack: 0x0000006cd5a00000,0x0000006cd5b00000] [id=15532]

Threads with active compile tasks:

VM state:not at safepoint (normal execution)

VM Mutex/Monitor currently owned by a thread: None

Heap address: 0x0000000544400000, size: 10172 MB, Compressed Oops mode: Zero based, Oop shift amount: 3
Narrow klass base: 0x0000000000000000, Narrow klass shift: 3
Compressed class space size: 1073741824 Address: 0x00000007c0000000

Heap:
 garbage-first heap   total 651264K, used 16384K [0x0000000544400000, 0x00000005446009f0, 0x00000007c0000000)
  region size 2048K, 9 young (18432K), 0 survivors (0K)
 Metaspace       used 10667K, capacity 10815K, committed 11136K, reserved 1058816K
  class space    used 786K, capacity 846K, committed 896K, reserved 1048576K
Heap Regions: E=young(eden), S=young(survivor), O=old, HS=humongous(starts), HC=humongous(continues), CS=collection set, F=free, A=archive, TS=gc time stamp, AC=allocation context, TAMS=top-at-mark-start (previous, next)
|   0|0x0000000544400000, 0x0000000544400000, 0x0000000544600000|  0%| F|  |TS  0|AC  0|TAMS 0x0000000544400000, 0x0000000544400000|
|   1|0x0000000544600000, 0x0000000544600000, 0x0000000544800000|  0%| F|  |TS  0|AC  0|TAMS 0x0000000544600000, 0x0000000544600000|
|   2|0x0000000544800000, 0x0000000544800000, 0x0000000544a00000|  0%| F|  |TS  0|AC  0|TAMS 0x0000000544800000, 0x0000000544800000|
|   3|0x0000000544a00000, 0x0000000544a00000, 0x0000000544c00000|  0%| F|  |TS  0|AC  0|TAMS 0x0000000544a00000, 0x0000000544a00000|
|   4|0x0000000544c00000, 0x0000000544c00000, 0x0000000544e00000|  0%| F|  |TS  0|AC  0|TAMS 0x0000000544c00000, 0x0000000544c00000|
|   5|0x0000000544e00000, 0x0000000544e00000, 0x0000000545000000|  0%| F|  |TS  0|AC  0|TAMS 0x0000000544e00000, 0x0000000544e00000|
|   6|0x0000000545000000, 0x0000000545000000, 0x0000000545200000|  0%| F|  |TS  0|AC  0|TAMS 0x0000000545000000, 0x0000000545000000|
|   7|0x0000000545200000, 0x0000000545200000, 0x0000000545400000|  0%| F|  |TS  0|AC  0|TAMS 0x0000000545200000, 0x0000000545200000|
|   8|0x0000000545400000, 0x0000000545400000, 0x0000000545600000|  0%| F|  |TS  0|AC  0|TAMS 0x0000000545400000, 0x0000000545400000|
|   9|0x0000000545600000, 0x0000000545600000, 0x0000000545800000|  0%| F|  |TS  0|AC  0|TAMS 0x0000000545600000, 0x0000000545600000|
|  10|0x0000000545800000, 0x0000000545800000, 0x0000000545a00000|  0%| F|  |TS  0|AC  0|TAMS 0x0000000545800000, 0x0000000545800000|
|  11|0x0000000545a00000, 0x0000000545a00000, 0x0000000545c00000|  0%| F|  |TS  0|AC  0|TAMS 0x0000000545a00000, 0x0000000545a00000|
|  12|0x0000000545c00000, 0x0000000545c00000, 0x0000000545e00000|  0%| F|  |TS  0|AC  0|TAMS 0x0000000545c00000, 0x0000000545c00000|
|  13|0x0000000545e00000, 0x0000000545e00000, 0x0000000546000000|  0%| F|  |TS  0|AC  0|TAMS 0x0000000545e00000, 0x0000000545e00000|
|  14|0x0000000546000000, 0x0000000546000000, 0x0000000546200000|  0%| F|  |TS  0|AC  0|TAMS 0x0000000546000000, 0x0000000546000000|
|  15|0x0000000546200000, 0x0000000546200000, 0x0000000546400000|  0%| F|  |TS  0|AC  0|TAMS 0x0000000546200000, 0x0000000546200000|
|  16|0x0000000546400000, 0x0000000546400000, 0x0000000546600000|  0%| F|  |TS  0|AC  0|TAMS 0x0000000546400000, 0x0000000546400000|
|  17|0x0000000546600000, 0x0000000546600000, 0x0000000546800000|  0%| F|  |TS  0|AC  0|TAMS 0x0000000546600000, 0x0000000546600000|
|  18|0x0000000546800000, 0x0000000546800000, 0x0000000546a00000|  0%| F|  |TS  0|AC  0|TAMS 0x0000000546800000, 0x0000000546800000|
|  19|0x0000000546a00000, 0x0000000546a00000, 0x0000000546c00000|  0%| F|  |TS  0|AC  0|TAMS 0x0000000546a00000, 0x0000000546a00000|
|  20|0x0000000546c00000, 0x0000000546c00000, 0x0000000546e00000|  0%| F|  |TS  0|AC  0|TAMS 0x0000000546c00000, 0x0000000546c00000|
|  21|0x0000000546e00000, 0x0000000546e00000, 0x0000000547000000|  0%| F|  |TS  0|AC  0|TAMS 0x0000000546e00000, 0x0000000546e00000|
|  22|0x0000000547000000, 0x0000000547000000, 0x0000000547200000|  0%| F|  |TS  0|AC  0|TAMS 0x0000000547000000, 0x0000000547000000|
|  23|0x0000000547200000, 0x0000000547200000, 0x0000000547400000|  0%| F|  |TS  0|AC  0|TAMS 0x0000000547200000, 0x0000000547200000|
|  24|0x0000000547400000, 0x0000000547400000, 0x0000000547600000|  0%| F|  |TS  0|AC  0|TAMS 0x0000000547400000, 0x0000000547400000|
|  25|0x0000000547600000, 0x0000000547600000, 0x0000000547800000|  0%| F|  |TS  0|AC  0|TAMS 0x0000000547600000, 0x0000000547600000|
|  26|0x0000000547800000, 0x0000000547800000, 0x0000000547a00000|  0%| F|  |TS  0|AC  0|TAMS 0x0000000547800000, 0x0000000547800000|
|  27|0x0000000547a00000, 0x0000000547a00000, 0x0000000547c00000|  0%| F|  |TS  0|AC  0|TAMS 0x0000000547a00000, 0x0000000547a00000|
|  28|0x0000000547c00000, 0x0000000547c00000, 0x0000000547e00000|  0%| F|  |TS  0|AC  0|TAMS 0x0000000547c00000, 0x0000000547c00000|
|  29|0x0000000547e00000, 0x0000000547e00000, 0x0000000548000000|  0%| F|  |TS  0|AC  0|TAMS 0x0000000547e00000, 0x0000000547e00000|
|  30|0x0000000548000000, 0x0000000548000000, 0x0000000548200000|  0%| F|  |TS  0|AC  0|TAMS 0x0000000548000000, 0x0000000548000000|
|  31|0x0000000548200000, 0x0000000548200000, 0x0000000548400000|  0%| F|  |TS  0|AC  0|TAMS 0x0000000548200000, 0x0000000548200000|
|  32|0x0000000548400000, 0x0000000548400000, 0x0000000548600000|  0%| F|  |TS  0|AC  0|TAMS 0x0000000548400000, 0x0000000548400000|
|  33|0x0000000548600000, 0x0000000548600000, 0x0000000548800000|  0%| F|  |TS  0|AC  0|TAMS 0x0000000548600000, 0x0000000548600000|
|  34|0x0000000548800000, 0x0000000548800000, 0x0000000548a00000|  0%| F|  |TS  0|AC  0|TAMS 0x0000000548800000, 0x0000000548800000|
|  35|0x0000000548a00000, 0x0000000548a00000, 0x0000000548c00000|  0%| F|  |TS  0|AC  0|TAMS 0x0000000548a00000, 0x0000000548a00000|
|  36|0x0000000548c00000, 0x0000000548c00000, 0x0000000548e00000|  0%| F|  |TS  0|AC  0|TAMS 0x0000000548c00000, 0x0000000548c00000|
|  37|0x0000000548e00000, 0x0000000548e00000, 0x0000000549000000|  0%| F|  |TS  0|AC  0|TAMS 0x0000000548e00000, 0x0000000548e00000|
|  38|0x0000000549000000, 0x0000000549000000, 0x0000000549200000|  0%| F|  |TS  0|AC  0|TAMS 0x0000000549000000, 0x0000000549000000|
|  39|0x0000000549200000, 0x0000000549200000, 0x0000000549400000|  0%| F|  |TS  0|AC  0|TAMS 0x0000000549200000, 0x0000000549200000|
|  40|0x0000000549400000, 0x0000000549400000, 0x0000000549600000|  0%| F|  |TS  0|AC  0|TAMS 0x0000000549400000, 0x0000000549400000|
|  41|0x0000000549600000, 0x0000000549600000, 0x0000000549800000|  0%| F|  |TS  0|AC  0|TAMS 0x0000000549600000, 0x0000000549600000|
|  42|0x0000000549800000, 0x0000000549800000, 0x0000000549a00000|  0%| F|  |TS  0|AC  0|TAMS 0x0000000549800000, 0x0000000549800000|
|  43|0x0000000549a00000, 0x0000000549a00000, 0x0000000549c00000|  0%| F|  |TS  0|AC  0|TAMS 0x0000000549a00000, 0x0000000549a00000|
|  44|0x0000000549c00000, 0x0000000549c00000, 0x0000000549e00000|  0%| F|  |TS  0|AC  0|TAMS 0x0000000549c00000, 0x0000000549c00000|
|  45|0x0000000549e00000, 0x0000000549e00000, 0x000000054a000000|  0%| F|  |TS  0|AC  0|TAMS 0x0000000549e00000, 0x0000000549e00000|
|  46|0x000000054a000000, 0x000000054a000000, 0x000000054a200000|  0%| F|  |TS  0|AC  0|TAMS 0x000000054a000000, 0x000000054a000000|
|  47|0x000000054a200000, 0x000000054a200000, 0x000000054a400000|  0%| F|  |TS  0|AC  0|TAMS 0x000000054a200000, 0x000000054a200000|
|  48|0x000000054a400000, 0x000000054a400000, 0x000000054a600000|  0%| F|  |TS  0|AC  0|TAMS 0x000000054a400000, 0x000000054a400000|
|  49|0x000000054a600000, 0x000000054a600000, 0x000000054a800000|  0%| F|  |TS  0|AC  0|TAMS 0x000000054a600000, 0x000000054a600000|
|  50|0x000000054a800000, 0x000000054a800000, 0x000000054aa00000|  0%| F|  |TS  0|AC  0|TAMS 0x000000054a800000, 0x000000054a800000|
|  51|0x000000054aa00000, 0x000000054aa00000, 0x000000054ac00000|  0%| F|  |TS  0|AC  0|TAMS 0x000000054aa00000, 0x000000054aa00000|
|  52|0x000000054ac00000, 0x000000054ac00000, 0x000000054ae00000|  0%| F|  |TS  0|AC  0|TAMS 0x000000054ac00000, 0x000000054ac00000|
|  53|0x000000054ae00000, 0x000000054ae00000, 0x000000054b000000|  0%| F|  |TS  0|AC  0|TAMS 0x000000054ae00000, 0x000000054ae00000|
|  54|0x000000054b000000, 0x000000054b000000, 0x000000054b200000|  0%| F|  |TS  0|AC  0|TAMS 0x000000054b000000, 0x000000054b000000|
|  55|0x000000054b200000, 0x000000054b200000, 0x000000054b400000|  0%| F|  |TS  0|AC  0|TAMS 0x000000054b200000, 0x000000054b200000|
|  56|0x000000054b400000, 0x000000054b400000, 0x000000054b600000|  0%| F|  |TS  0|AC  0|TAMS 0x000000054b400000, 0x000000054b400000|
|  57|0x000000054b600000, 0x000000054b600000, 0x000000054b800000|  0%| F|  |TS  0|AC  0|TAMS 0x000000054b600000, 0x000000054b600000|
|  58|0x000000054b800000, 0x000000054b800000, 0x000000054ba00000|  0%| F|  |TS  0|AC  0|TAMS 0x000000054b800000, 0x000000054b800000|
|  59|0x000000054ba00000, 0x000000054ba00000, 0x000000054bc00000|  0%| F|  |TS  0|AC  0|TAMS 0x000000054ba00000, 0x000000054ba00000|
|  60|0x000000054bc00000, 0x000000054bc00000, 0x000000054be00000|  0%| F|  |TS  0|AC  0|TAMS 0x000000054bc00000, 0x000000054bc00000|
|  61|0x000000054be00000, 0x000000054be00000, 0x000000054c000000|  0%| F|  |TS  0|AC  0|TAMS 0x000000054be00000, 0x000000054be00000|
|  62|0x000000054c000000, 0x000000054c000000, 0x000000054c200000|  0%| F|  |TS  0|AC  0|TAMS 0x000000054c000000, 0x000000054c000000|
|  63|0x000000054c200000, 0x000000054c200000, 0x000000054c400000|  0%| F|  |TS  0|AC  0|TAMS 0x000000054c200000, 0x000000054c200000|
|  64|0x000000054c400000, 0x000000054c400000, 0x000000054c600000|  0%| F|  |TS  0|AC  0|TAMS 0x000000054c400000, 0x000000054c400000|
|  65|0x000000054c600000, 0x000000054c600000, 0x000000054c800000|  0%| F|  |TS  0|AC  0|TAMS 0x000000054c600000, 0x000000054c600000|
|  66|0x000000054c800000, 0x000000054c800000, 0x000000054ca00000|  0%| F|  |TS  0|AC  0|TAMS 0x000000054c800000, 0x000000054c800000|
|  67|0x000000054ca00000, 0x000000054ca00000, 0x000000054cc00000|  0%| F|  |TS  0|AC  0|TAMS 0x000000054ca00000, 0x000000054ca00000|
|  68|0x000000054cc00000, 0x000000054cc00000, 0x000000054ce00000|  0%| F|  |TS  0|AC  0|TAMS 0x000000054cc00000, 0x000000054cc00000|
|  69|0x000000054ce00000, 0x000000054ce00000, 0x000000054d000000|  0%| F|  |TS  0|AC  0|TAMS 0x000000054ce00000, 0x000000054ce00000|
|  70|0x000000054d000000, 0x000000054d000000, 0x000000054d200000|  0%| F|  |TS  0|AC  0|TAMS 0x000000054d000000, 0x000000054d000000|
|  71|0x000000054d200000, 0x000000054d200000, 0x000000054d400000|  0%| F|  |TS  0|AC  0|TAMS 0x000000054d200000, 0x000000054d200000|
|  72|0x000000054d400000, 0x000000054d400000, 0x000000054d600000|  0%| F|  |TS  0|AC  0|TAMS 0x000000054d400000, 0x000000054d400000|
|  73|0x000000054d600000, 0x000000054d600000, 0x000000054d800000|  0%| F|  |TS  0|AC  0|TAMS 0x000000054d600000, 0x000000054d600000|
|  74|0x000000054d800000, 0x000000054d800000, 0x000000054da00000|  0%| F|  |TS  0|AC  0|TAMS 0x000000054d800000, 0x000000054d800000|
|  75|0x000000054da00000, 0x000000054da00000, 0x000000054dc00000|  0%| F|  |TS  0|AC  0|TAMS 0x000000054da00000, 0x000000054da00000|
|  76|0x000000054dc00000, 0x000000054dc00000, 0x000000054de00000|  0%| F|  |TS  0|AC  0|TAMS 0x000000054dc00000, 0x000000054dc00000|
|  77|0x000000054de00000, 0x000000054de00000, 0x000000054e000000|  0%| F|  |TS  0|AC  0|TAMS 0x000000054de00000, 0x000000054de00000|
|  78|0x000000054e000000, 0x000000054e000000, 0x000000054e200000|  0%| F|  |TS  0|AC  0|TAMS 0x000000054e000000, 0x000000054e000000|
|  79|0x000000054e200000, 0x000000054e200000, 0x000000054e400000|  0%| F|  |TS  0|AC  0|TAMS 0x000000054e200000, 0x000000054e200000|
|  80|0x000000054e400000, 0x000000054e400000, 0x000000054e600000|  0%| F|  |TS  0|AC  0|TAMS 0x000000054e400000, 0x000000054e400000|
|  81|0x000000054e600000, 0x000000054e600000, 0x000000054e800000|  0%| F|  |TS  0|AC  0|TAMS 0x000000054e600000, 0x000000054e600000|
|  82|0x000000054e800000, 0x000000054e800000, 0x000000054ea00000|  0%| F|  |TS  0|AC  0|TAMS 0x000000054e800000, 0x000000054e800000|
|  83|0x000000054ea00000, 0x000000054ea00000, 0x000000054ec00000|  0%| F|  |TS  0|AC  0|TAMS 0x000000054ea00000, 0x000000054ea00000|
|  84|0x000000054ec00000, 0x000000054ec00000, 0x000000054ee00000|  0%| F|  |TS  0|AC  0|TAMS 0x000000054ec00000, 0x000000054ec00000|
|  85|0x000000054ee00000, 0x000000054ee00000, 0x000000054f000000|  0%| F|  |TS  0|AC  0|TAMS 0x000000054ee00000, 0x000000054ee00000|
|  86|0x000000054f000000, 0x000000054f000000, 0x000000054f200000|  0%| F|  |TS  0|AC  0|TAMS 0x000000054f000000, 0x000000054f000000|
|  87|0x000000054f200000, 0x000000054f200000, 0x000000054f400000|  0%| F|  |TS  0|AC  0|TAMS 0x000000054f200000, 0x000000054f200000|
|  88|0x000000054f400000, 0x000000054f400000, 0x000000054f600000|  0%| F|  |TS  0|AC  0|TAMS 0x000000054f400000, 0x000000054f400000|
|  89|0x000000054f600000, 0x000000054f600000, 0x000000054f800000|  0%| F|  |TS  0|AC  0|TAMS 0x000000054f600000, 0x000000054f600000|
|  90|0x000000054f800000, 0x000000054f800000, 0x000000054fa00000|  0%| F|  |TS  0|AC  0|TAMS 0x000000054f800000, 0x000000054f800000|
|  91|0x000000054fa00000, 0x000000054fa00000, 0x000000054fc00000|  0%| F|  |TS  0|AC  0|TAMS 0x000000054fa00000, 0x000000054fa00000|
|  92|0x000000054fc00000, 0x000000054fc00000, 0x000000054fe00000|  0%| F|  |TS  0|AC  0|TAMS 0x000000054fc00000, 0x000000054fc00000|
|  93|0x000000054fe00000, 0x000000054fe00000, 0x0000000550000000|  0%| F|  |TS  0|AC  0|TAMS 0x000000054fe00000, 0x000000054fe00000|
|  94|0x0000000550000000, 0x0000000550000000, 0x0000000550200000|  0%| F|  |TS  0|AC  0|TAMS 0x0000000550000000, 0x0000000550000000|
|  95|0x0000000550200000, 0x0000000550200000, 0x0000000550400000|  0%| F|  |TS  0|AC  0|TAMS 0x0000000550200000, 0x0000000550200000|
|  96|0x0000000550400000, 0x0000000550400000, 0x0000000550600000|  0%| F|  |TS  0|AC  0|TAMS 0x0000000550400000, 0x0000000550400000|
|  97|0x0000000550600000, 0x0000000550600000, 0x0000000550800000|  0%| F|  |TS  0|AC  0|TAMS 0x0000000550600000, 0x0000000550600000|
|  98|0x0000000550800000, 0x0000000550800000, 0x0000000550a00000|  0%| F|  |TS  0|AC  0|TAMS 0x0000000550800000, 0x0000000550800000|
|  99|0x0000000550a00000, 0x0000000550a00000, 0x0000000550c00000|  0%| F|  |TS  0|AC  0|TAMS 0x0000000550a00000, 0x0000000550a00000|
| 100|0x0000000550c00000, 0x0000000550c00000, 0x0000000550e00000|  0%| F|  |TS  0|AC  0|TAMS 0x0000000550c00000, 0x0000000550c00000|
| 101|0x0000000550e00000, 0x0000000550e00000, 0x0000000551000000|  0%| F|  |TS  0|AC  0|TAMS 0x0000000550e00000, 0x0000000550e00000|
| 102|0x0000000551000000, 0x0000000551000000, 0x0000000551200000|  0%| F|  |TS  0|AC  0|TAMS 0x0000000551000000, 0x0000000551000000|
| 103|0x0000000551200000, 0x0000000551200000, 0x0000000551400000|  0%| F|  |TS  0|AC  0|TAMS 0x0000000551200000, 0x0000000551200000|
| 104|0x0000000551400000, 0x0000000551400000, 0x0000000551600000|  0%| F|  |TS  0|AC  0|TAMS 0x0000000551400000, 0x0000000551400000|
| 105|0x0000000551600000, 0x0000000551600000, 0x0000000551800000|  0%| F|  |TS  0|AC  0|TAMS 0x0000000551600000, 0x0000000551600000|
| 106|0x0000000551800000, 0x0000000551800000, 0x0000000551a00000|  0%| F|  |TS  0|AC  0|TAMS 0x0000000551800000, 0x0000000551800000|
| 107|0x0000000551a00000, 0x0000000551a00000, 0x0000000551c00000|  0%| F|  |TS  0|AC  0|TAMS 0x0000000551a00000, 0x0000000551a00000|
| 108|0x0000000551c00000, 0x0000000551c00000, 0x0000000551e00000|  0%| F|  |TS  0|AC  0|TAMS 0x0000000551c00000, 0x0000000551c00000|
| 109|0x0000000551e00000, 0x0000000551e00000, 0x0000000552000000|  0%| F|  |TS  0|AC  0|TAMS 0x0000000551e00000, 0x0000000551e00000|
| 110|0x0000000552000000, 0x0000000552000000, 0x0000000552200000|  0%| F|  |TS  0|AC  0|TAMS 0x0000000552000000, 0x0000000552000000|
| 111|0x0000000552200000, 0x0000000552200000, 0x0000000552400000|  0%| F|  |TS  0|AC  0|TAMS 0x0000000552200000, 0x0000000552200000|
| 112|0x0000000552400000, 0x0000000552400000, 0x0000000552600000|  0%| F|  |TS  0|AC  0|TAMS 0x0000000552400000, 0x0000000552400000|
| 113|0x0000000552600000, 0x0000000552600000, 0x0000000552800000|  0%| F|  |TS  0|AC  0|TAMS 0x0000000552600000, 0x0000000552600000|
| 114|0x0000000552800000, 0x0000000552800000, 0x0000000552a00000|  0%| F|  |TS  0|AC  0|TAMS 0x0000000552800000, 0x0000000552800000|
| 115|0x0000000552a00000, 0x0000000552a00000, 0x0000000552c00000|  0%| F|  |TS  0|AC  0|TAMS 0x0000000552a00000, 0x0000000552a00000|
| 116|0x0000000552c00000, 0x0000000552c00000, 0x0000000552e00000|  0%| F|  |TS  0|AC  0|TAMS 0x0000000552c00000, 0x0000000552c00000|
| 117|0x0000000552e00000, 0x0000000552e00000, 0x0000000553000000|  0%| F|  |TS  0|AC  0|TAMS 0x0000000552e00000, 0x0000000552e00000|
| 118|0x0000000553000000, 0x0000000553000000, 0x0000000553200000|  0%| F|  |TS  0|AC  0|TAMS 0x0000000553000000, 0x0000000553000000|
| 119|0x0000000553200000, 0x0000000553200000, 0x0000000553400000|  0%| F|  |TS  0|AC  0|TAMS 0x0000000553200000, 0x0000000553200000|
| 120|0x0000000553400000, 0x0000000553400000, 0x0000000553600000|  0%| F|  |TS  0|AC  0|TAMS 0x0000000553400000, 0x0000000553400000|
| 121|0x0000000553600000, 0x0000000553600000, 0x0000000553800000|  0%| F|  |TS  0|AC  0|TAMS 0x0000000553600000, 0x0000000553600000|
| 122|0x0000000553800000, 0x0000000553800000, 0x0000000553a00000|  0%| F|  |TS  0|AC  0|TAMS 0x0000000553800000, 0x0000000553800000|
| 123|0x0000000553a00000, 0x0000000553a00000, 0x0000000553c00000|  0%| F|  |TS  0|AC  0|TAMS 0x0000000553a00000, 0x0000000553a00000|
| 124|0x0000000553c00000, 0x0000000553c00000, 0x0000000553e00000|  0%| F|  |TS  0|AC  0|TAMS 0x0000000553c00000, 0x0000000553c00000|
| 125|0x0000000553e00000, 0x0000000553e00000, 0x0000000554000000|  0%| F|  |TS  0|AC  0|TAMS 0x0000000553e00000, 0x0000000553e00000|
| 126|0x0000000554000000, 0x0000000554000000, 0x0000000554200000|  0%| F|  |TS  0|AC  0|TAMS 0x0000000554000000, 0x0000000554000000|
| 127|0x0000000554200000, 0x0000000554200000, 0x0000000554400000|  0%| F|  |TS  0|AC  0|TAMS 0x0000000554200000, 0x0000000554200000|
| 128|0x0000000554400000, 0x0000000554400000, 0x0000000554600000|  0%| F|  |TS  0|AC  0|TAMS 0x0000000554400000, 0x0000000554400000|
| 129|0x0000000554600000, 0x0000000554600000, 0x0000000554800000|  0%| F|  |TS  0|AC  0|TAMS 0x0000000554600000, 0x0000000554600000|
| 130|0x0000000554800000, 0x0000000554800000, 0x0000000554a00000|  0%| F|  |TS  0|AC  0|TAMS 0x0000000554800000, 0x0000000554800000|
| 131|0x0000000554a00000, 0x0000000554a00000, 0x0000000554c00000|  0%| F|  |TS  0|AC  0|TAMS 0x0000000554a00000, 0x0000000554a00000|
| 132|0x0000000554c00000, 0x0000000554c00000, 0x0000000554e00000|  0%| F|  |TS  0|AC  0|TAMS 0x0000000554c00000, 0x0000000554c00000|
| 133|0x0000000554e00000, 0x0000000554e00000, 0x0000000555000000|  0%| F|  |TS  0|AC  0|TAMS 0x0000000554e00000, 0x0000000554e00000|
| 134|0x0000000555000000, 0x0000000555000000, 0x0000000555200000|  0%| F|  |TS  0|AC  0|TAMS 0x0000000555000000, 0x0000000555000000|
| 135|0x0000000555200000, 0x0000000555200000, 0x0000000555400000|  0%| F|  |TS  0|AC  0|TAMS 0x0000000555200000, 0x0000000555200000|
| 136|0x0000000555400000, 0x0000000555400000, 0x0000000555600000|  0%| F|  |TS  0|AC  0|TAMS 0x0000000555400000, 0x0000000555400000|
| 137|0x0000000555600000, 0x0000000555600000, 0x0000000555800000|  0%| F|  |TS  0|AC  0|TAMS 0x0000000555600000, 0x0000000555600000|
| 138|0x0000000555800000, 0x0000000555800000, 0x0000000555a00000|  0%| F|  |TS  0|AC  0|TAMS 0x0000000555800000, 0x0000000555800000|
| 139|0x0000000555a00000, 0x0000000555a00000, 0x0000000555c00000|  0%| F|  |TS  0|AC  0|TAMS 0x0000000555a00000, 0x0000000555a00000|
| 140|0x0000000555c00000, 0x0000000555c00000, 0x0000000555e00000|  0%| F|  |TS  0|AC  0|TAMS 0x0000000555c00000, 0x0000000555c00000|
| 141|0x0000000555e00000, 0x0000000555e00000, 0x0000000556000000|  0%| F|  |TS  0|AC  0|TAMS 0x0000000555e00000, 0x0000000555e00000|
| 142|0x0000000556000000, 0x0000000556000000, 0x0000000556200000|  0%| F|  |TS  0|AC  0|TAMS 0x0000000556000000, 0x0000000556000000|
| 143|0x0000000556200000, 0x0000000556200000, 0x0000000556400000|  0%| F|  |TS  0|AC  0|TAMS 0x0000000556200000, 0x0000000556200000|
| 144|0x0000000556400000, 0x0000000556400000, 0x0000000556600000|  0%| F|  |TS  0|AC  0|TAMS 0x0000000556400000, 0x0000000556400000|
| 145|0x0000000556600000, 0x0000000556600000, 0x0000000556800000|  0%| F|  |TS  0|AC  0|TAMS 0x0000000556600000, 0x0000000556600000|
| 146|0x0000000556800000, 0x0000000556800000, 0x0000000556a00000|  0%| F|  |TS  0|AC  0|TAMS 0x0000000556800000, 0x0000000556800000|
| 147|0x0000000556a00000, 0x0000000556a00000, 0x0000000556c00000|  0%| F|  |TS  0|AC  0|TAMS 0x0000000556a00000, 0x0000000556a00000|
| 148|0x0000000556c00000, 0x0000000556c00000, 0x0000000556e00000|  0%| F|  |TS  0|AC  0|TAMS 0x0000000556c00000, 0x0000000556c00000|
| 149|0x0000000556e00000, 0x0000000556e00000, 0x0000000557000000|  0%| F|  |TS  0|AC  0|TAMS 0x0000000556e00000, 0x0000000556e00000|
| 150|0x0000000557000000, 0x0000000557000000, 0x0000000557200000|  0%| F|  |TS  0|AC  0|TAMS 0x0000000557000000, 0x0000000557000000|
| 151|0x0000000557200000, 0x0000000557200000, 0x0000000557400000|  0%| F|  |TS  0|AC  0|TAMS 0x0000000557200000, 0x0000000557200000|
| 152|0x0000000557400000, 0x0000000557400000, 0x0000000557600000|  0%| F|  |TS  0|AC  0|TAMS 0x0000000557400000, 0x0000000557400000|
| 153|0x0000000557600000, 0x0000000557600000, 0x0000000557800000|  0%| F|  |TS  0|AC  0|TAMS 0x0000000557600000, 0x0000000557600000|
| 154|0x0000000557800000, 0x0000000557800000, 0x0000000557a00000|  0%| F|  |TS  0|AC  0|TAMS 0x0000000557800000, 0x0000000557800000|
| 155|0x0000000557a00000, 0x0000000557a00000, 0x0000000557c00000|  0%| F|  |TS  0|AC  0|TAMS 0x0000000557a00000, 0x0000000557a00000|
| 156|0x0000000557c00000, 0x0000000557c00000, 0x0000000557e00000|  0%| F|  |TS  0|AC  0|TAMS 0x0000000557c00000, 0x0000000557c00000|
| 157|0x0000000557e00000, 0x0000000557e00000, 0x0000000558000000|  0%| F|  |TS  0|AC  0|TAMS 0x0000000557e00000, 0x0000000557e00000|
| 158|0x0000000558000000, 0x0000000558000000, 0x0000000558200000|  0%| F|  |TS  0|AC  0|TAMS 0x0000000558000000, 0x0000000558000000|
| 159|0x0000000558200000, 0x0000000558200000, 0x0000000558400000|  0%| F|  |TS  0|AC  0|TAMS 0x0000000558200000, 0x0000000558200000|
| 160|0x0000000558400000, 0x0000000558400000, 0x0000000558600000|  0%| F|  |TS  0|AC  0|TAMS 0x0000000558400000, 0x0000000558400000|
| 161|0x0000000558600000, 0x0000000558600000, 0x0000000558800000|  0%| F|  |TS  0|AC  0|TAMS 0x0000000558600000, 0x0000000558600000|
| 162|0x0000000558800000, 0x0000000558800000, 0x0000000558a00000|  0%| F|  |TS  0|AC  0|TAMS 0x0000000558800000, 0x0000000558800000|
| 163|0x0000000558a00000, 0x0000000558a00000, 0x0000000558c00000|  0%| F|  |TS  0|AC  0|TAMS 0x0000000558a00000, 0x0000000558a00000|
| 164|0x0000000558c00000, 0x0000000558c00000, 0x0000000558e00000|  0%| F|  |TS  0|AC  0|TAMS 0x0000000558c00000, 0x0000000558c00000|
| 165|0x0000000558e00000, 0x0000000558e00000, 0x0000000559000000|  0%| F|  |TS  0|AC  0|TAMS 0x0000000558e00000, 0x0000000558e00000|
| 166|0x0000000559000000, 0x0000000559000000, 0x0000000559200000|  0%| F|  |TS  0|AC  0|TAMS 0x0000000559000000, 0x0000000559000000|
| 167|0x0000000559200000, 0x0000000559200000, 0x0000000559400000|  0%| F|  |TS  0|AC  0|TAMS 0x0000000559200000, 0x0000000559200000|
| 168|0x0000000559400000, 0x0000000559400000, 0x0000000559600000|  0%| F|  |TS  0|AC  0|TAMS 0x0000000559400000, 0x0000000559400000|
| 169|0x0000000559600000, 0x0000000559600000, 0x0000000559800000|  0%| F|  |TS  0|AC  0|TAMS 0x0000000559600000, 0x0000000559600000|
| 170|0x0000000559800000, 0x0000000559800000, 0x0000000559a00000|  0%| F|  |TS  0|AC  0|TAMS 0x0000000559800000, 0x0000000559800000|
| 171|0x0000000559a00000, 0x0000000559a00000, 0x0000000559c00000|  0%| F|  |TS  0|AC  0|TAMS 0x0000000559a00000, 0x0000000559a00000|
| 172|0x0000000559c00000, 0x0000000559c00000, 0x0000000559e00000|  0%| F|  |TS  0|AC  0|TAMS 0x0000000559c00000, 0x0000000559c00000|
| 173|0x0000000559e00000, 0x0000000559e00000, 0x000000055a000000|  0%| F|  |TS  0|AC  0|TAMS 0x0000000559e00000, 0x0000000559e00000|
| 174|0x000000055a000000, 0x000000055a000000, 0x000000055a200000|  0%| F|  |TS  0|AC  0|TAMS 0x000000055a000000, 0x000000055a000000|
| 175|0x000000055a200000, 0x000000055a200000, 0x000000055a400000|  0%| F|  |TS  0|AC  0|TAMS 0x000000055a200000, 0x000000055a200000|
| 176|0x000000055a400000, 0x000000055a400000, 0x000000055a600000|  0%| F|  |TS  0|AC  0|TAMS 0x000000055a400000, 0x000000055a400000|
| 177|0x000000055a600000, 0x000000055a600000, 0x000000055a800000|  0%| F|  |TS  0|AC  0|TAMS 0x000000055a600000, 0x000000055a600000|
| 178|0x000000055a800000, 0x000000055a800000, 0x000000055aa00000|  0%| F|  |TS  0|AC  0|TAMS 0x000000055a800000, 0x000000055a800000|
| 179|0x000000055aa00000, 0x000000055aa00000, 0x000000055ac00000|  0%| F|  |TS  0|AC  0|TAMS 0x000000055aa00000, 0x000000055aa00000|
| 180|0x000000055ac00000, 0x000000055ac00000, 0x000000055ae00000|  0%| F|  |TS  0|AC  0|TAMS 0x000000055ac00000, 0x000000055ac00000|
| 181|0x000000055ae00000, 0x000000055ae00000, 0x000000055b000000|  0%| F|  |TS  0|AC  0|TAMS 0x000000055ae00000, 0x000000055ae00000|
| 182|0x000000055b000000, 0x000000055b000000, 0x000000055b200000|  0%| F|  |TS  0|AC  0|TAMS 0x000000055b000000, 0x000000055b000000|
| 183|0x000000055b200000, 0x000000055b200000, 0x000000055b400000|  0%| F|  |TS  0|AC  0|TAMS 0x000000055b200000, 0x000000055b200000|
| 184|0x000000055b400000, 0x000000055b400000, 0x000000055b600000|  0%| F|  |TS  0|AC  0|TAMS 0x000000055b400000, 0x000000055b400000|
| 185|0x000000055b600000, 0x000000055b600000, 0x000000055b800000|  0%| F|  |TS  0|AC  0|TAMS 0x000000055b600000, 0x000000055b600000|
| 186|0x000000055b800000, 0x000000055b800000, 0x000000055ba00000|  0%| F|  |TS  0|AC  0|TAMS 0x000000055b800000, 0x000000055b800000|
| 187|0x000000055ba00000, 0x000000055ba00000, 0x000000055bc00000|  0%| F|  |TS  0|AC  0|TAMS 0x000000055ba00000, 0x000000055ba00000|
| 188|0x000000055bc00000, 0x000000055bc00000, 0x000000055be00000|  0%| F|  |TS  0|AC  0|TAMS 0x000000055bc00000, 0x000000055bc00000|
| 189|0x000000055be00000, 0x000000055be00000, 0x000000055c000000|  0%| F|  |TS  0|AC  0|TAMS 0x000000055be00000, 0x000000055be00000|
| 190|0x000000055c000000, 0x000000055c000000, 0x000000055c200000|  0%| F|  |TS  0|AC  0|TAMS 0x000000055c000000, 0x000000055c000000|
| 191|0x000000055c200000, 0x000000055c200000, 0x000000055c400000|  0%| F|  |TS  0|AC  0|TAMS 0x000000055c200000, 0x000000055c200000|
| 192|0x000000055c400000, 0x000000055c400000, 0x000000055c600000|  0%| F|  |TS  0|AC  0|TAMS 0x000000055c400000, 0x000000055c400000|
| 193|0x000000055c600000, 0x000000055c600000, 0x000000055c800000|  0%| F|  |TS  0|AC  0|TAMS 0x000000055c600000, 0x000000055c600000|
| 194|0x000000055c800000, 0x000000055c800000, 0x000000055ca00000|  0%| F|  |TS  0|AC  0|TAMS 0x000000055c800000, 0x000000055c800000|
| 195|0x000000055ca00000, 0x000000055ca00000, 0x000000055cc00000|  0%| F|  |TS  0|AC  0|TAMS 0x000000055ca00000, 0x000000055ca00000|
| 196|0x000000055cc00000, 0x000000055cc00000, 0x000000055ce00000|  0%| F|  |TS  0|AC  0|TAMS 0x000000055cc00000, 0x000000055cc00000|
| 197|0x000000055ce00000, 0x000000055ce00000, 0x000000055d000000|  0%| F|  |TS  0|AC  0|TAMS 0x000000055ce00000, 0x000000055ce00000|
| 198|0x000000055d000000, 0x000000055d000000, 0x000000055d200000|  0%| F|  |TS  0|AC  0|TAMS 0x000000055d000000, 0x000000055d000000|
| 199|0x000000055d200000, 0x000000055d200000, 0x000000055d400000|  0%| F|  |TS  0|AC  0|TAMS 0x000000055d200000, 0x000000055d200000|
| 200|0x000000055d400000, 0x000000055d400000, 0x000000055d600000|  0%| F|  |TS  0|AC  0|TAMS 0x000000055d400000, 0x000000055d400000|
| 201|0x000000055d600000, 0x000000055d600000, 0x000000055d800000|  0%| F|  |TS  0|AC  0|TAMS 0x000000055d600000, 0x000000055d600000|
| 202|0x000000055d800000, 0x000000055d800000, 0x000000055da00000|  0%| F|  |TS  0|AC  0|TAMS 0x000000055d800000, 0x000000055d800000|
| 203|0x000000055da00000, 0x000000055da00000, 0x000000055dc00000|  0%| F|  |TS  0|AC  0|TAMS 0x000000055da00000, 0x000000055da00000|
| 204|0x000000055dc00000, 0x000000055dc00000, 0x000000055de00000|  0%| F|  |TS  0|AC  0|TAMS 0x000000055dc00000, 0x000000055dc00000|
| 205|0x000000055de00000, 0x000000055de00000, 0x000000055e000000|  0%| F|  |TS  0|AC  0|TAMS 0x000000055de00000, 0x000000055de00000|
| 206|0x000000055e000000, 0x000000055e000000, 0x000000055e200000|  0%| F|  |TS  0|AC  0|TAMS 0x000000055e000000, 0x000000055e000000|
| 207|0x000000055e200000, 0x000000055e200000, 0x000000055e400000|  0%| F|  |TS  0|AC  0|TAMS 0x000000055e200000, 0x000000055e200000|
| 208|0x000000055e400000, 0x000000055e400000, 0x000000055e600000|  0%| F|  |TS  0|AC  0|TAMS 0x000000055e400000, 0x000000055e400000|
| 209|0x000000055e600000, 0x000000055e600000, 0x000000055e800000|  0%| F|  |TS  0|AC  0|TAMS 0x000000055e600000, 0x000000055e600000|
| 210|0x000000055e800000, 0x000000055e800000, 0x000000055ea00000|  0%| F|  |TS  0|AC  0|TAMS 0x000000055e800000, 0x000000055e800000|
| 211|0x000000055ea00000, 0x000000055ea00000, 0x000000055ec00000|  0%| F|  |TS  0|AC  0|TAMS 0x000000055ea00000, 0x000000055ea00000|
| 212|0x000000055ec00000, 0x000000055ec00000, 0x000000055ee00000|  0%| F|  |TS  0|AC  0|TAMS 0x000000055ec00000, 0x000000055ec00000|
| 213|0x000000055ee00000, 0x000000055ee00000, 0x000000055f000000|  0%| F|  |TS  0|AC  0|TAMS 0x000000055ee00000, 0x000000055ee00000|
| 214|0x000000055f000000, 0x000000055f000000, 0x000000055f200000|  0%| F|  |TS  0|AC  0|TAMS 0x000000055f000000, 0x000000055f000000|
| 215|0x000000055f200000, 0x000000055f200000, 0x000000055f400000|  0%| F|  |TS  0|AC  0|TAMS 0x000000055f200000, 0x000000055f200000|
| 216|0x000000055f400000, 0x000000055f400000, 0x000000055f600000|  0%| F|  |TS  0|AC  0|TAMS 0x000000055f400000, 0x000000055f400000|
| 217|0x000000055f600000, 0x000000055f600000, 0x000000055f800000|  0%| F|  |TS  0|AC  0|TAMS 0x000000055f600000, 0x000000055f600000|
| 218|0x000000055f800000, 0x000000055f800000, 0x000000055fa00000|  0%| F|  |TS  0|AC  0|TAMS 0x000000055f800000, 0x000000055f800000|
| 219|0x000000055fa00000, 0x000000055fa00000, 0x000000055fc00000|  0%| F|  |TS  0|AC  0|TAMS 0x000000055fa00000, 0x000000055fa00000|
| 220|0x000000055fc00000, 0x000000055fc00000, 0x000000055fe00000|  0%| F|  |TS  0|AC  0|TAMS 0x000000055fc00000, 0x000000055fc00000|
| 221|0x000000055fe00000, 0x000000055fe00000, 0x0000000560000000|  0%| F|  |TS  0|AC  0|TAMS 0x000000055fe00000, 0x000000055fe00000|
| 222|0x0000000560000000, 0x0000000560000000, 0x0000000560200000|  0%| F|  |TS  0|AC  0|TAMS 0x0000000560000000, 0x0000000560000000|
| 223|0x0000000560200000, 0x0000000560200000, 0x0000000560400000|  0%| F|  |TS  0|AC  0|TAMS 0x0000000560200000, 0x0000000560200000|
| 224|0x0000000560400000, 0x0000000560400000, 0x0000000560600000|  0%| F|  |TS  0|AC  0|TAMS 0x0000000560400000, 0x0000000560400000|
| 225|0x0000000560600000, 0x0000000560600000, 0x0000000560800000|  0%| F|  |TS  0|AC  0|TAMS 0x0000000560600000, 0x0000000560600000|
| 226|0x0000000560800000, 0x0000000560800000, 0x0000000560a00000|  0%| F|  |TS  0|AC  0|TAMS 0x0000000560800000, 0x0000000560800000|
| 227|0x0000000560a00000, 0x0000000560a00000, 0x0000000560c00000|  0%| F|  |TS  0|AC  0|TAMS 0x0000000560a00000, 0x0000000560a00000|
| 228|0x0000000560c00000, 0x0000000560c00000, 0x0000000560e00000|  0%| F|  |TS  0|AC  0|TAMS 0x0000000560c00000, 0x0000000560c00000|
| 229|0x0000000560e00000, 0x0000000560e00000, 0x0000000561000000|  0%| F|  |TS  0|AC  0|TAMS 0x0000000560e00000, 0x0000000560e00000|
| 230|0x0000000561000000, 0x0000000561000000, 0x0000000561200000|  0%| F|  |TS  0|AC  0|TAMS 0x0000000561000000, 0x0000000561000000|
| 231|0x0000000561200000, 0x0000000561200000, 0x0000000561400000|  0%| F|  |TS  0|AC  0|TAMS 0x0000000561200000, 0x0000000561200000|
| 232|0x0000000561400000, 0x0000000561400000, 0x0000000561600000|  0%| F|  |TS  0|AC  0|TAMS 0x0000000561400000, 0x0000000561400000|
| 233|0x0000000561600000, 0x0000000561600000, 0x0000000561800000|  0%| F|  |TS  0|AC  0|TAMS 0x0000000561600000, 0x0000000561600000|
| 234|0x0000000561800000, 0x0000000561800000, 0x0000000561a00000|  0%| F|  |TS  0|AC  0|TAMS 0x0000000561800000, 0x0000000561800000|
| 235|0x0000000561a00000, 0x0000000561a00000, 0x0000000561c00000|  0%| F|  |TS  0|AC  0|TAMS 0x0000000561a00000, 0x0000000561a00000|
| 236|0x0000000561c00000, 0x0000000561c00000, 0x0000000561e00000|  0%| F|  |TS  0|AC  0|TAMS 0x0000000561c00000, 0x0000000561c00000|
| 237|0x0000000561e00000, 0x0000000561e00000, 0x0000000562000000|  0%| F|  |TS  0|AC  0|TAMS 0x0000000561e00000, 0x0000000561e00000|
| 238|0x0000000562000000, 0x0000000562000000, 0x0000000562200000|  0%| F|  |TS  0|AC  0|TAMS 0x0000000562000000, 0x0000000562000000|
| 239|0x0000000562200000, 0x0000000562200000, 0x0000000562400000|  0%| F|  |TS  0|AC  0|TAMS 0x0000000562200000, 0x0000000562200000|
| 240|0x0000000562400000, 0x0000000562400000, 0x0000000562600000|  0%| F|  |TS  0|AC  0|TAMS 0x0000000562400000, 0x0000000562400000|
| 241|0x0000000562600000, 0x0000000562600000, 0x0000000562800000|  0%| F|  |TS  0|AC  0|TAMS 0x0000000562600000, 0x0000000562600000|
| 242|0x0000000562800000, 0x0000000562800000, 0x0000000562a00000|  0%| F|  |TS  0|AC  0|TAMS 0x0000000562800000, 0x0000000562800000|
| 243|0x0000000562a00000, 0x0000000562a00000, 0x0000000562c00000|  0%| F|  |TS  0|AC  0|TAMS 0x0000000562a00000, 0x0000000562a00000|
| 244|0x0000000562c00000, 0x0000000562c00000, 0x0000000562e00000|  0%| F|  |TS  0|AC  0|TAMS 0x0000000562c00000, 0x0000000562c00000|
| 245|0x0000000562e00000, 0x0000000562e00000, 0x0000000563000000|  0%| F|  |TS  0|AC  0|TAMS 0x0000000562e00000, 0x0000000562e00000|
| 246|0x0000000563000000, 0x0000000563000000, 0x0000000563200000|  0%| F|  |TS  0|AC  0|TAMS 0x0000000563000000, 0x0000000563000000|
| 247|0x0000000563200000, 0x0000000563200000, 0x0000000563400000|  0%| F|  |TS  0|AC  0|TAMS 0x0000000563200000, 0x0000000563200000|
| 248|0x0000000563400000, 0x0000000563400000, 0x0000000563600000|  0%| F|  |TS  0|AC  0|TAMS 0x0000000563400000, 0x0000000563400000|
| 249|0x0000000563600000, 0x0000000563600000, 0x0000000563800000|  0%| F|  |TS  0|AC  0|TAMS 0x0000000563600000, 0x0000000563600000|
| 250|0x0000000563800000, 0x0000000563800000, 0x0000000563a00000|  0%| F|  |TS  0|AC  0|TAMS 0x0000000563800000, 0x0000000563800000|
| 251|0x0000000563a00000, 0x0000000563a00000, 0x0000000563c00000|  0%| F|  |TS  0|AC  0|TAMS 0x0000000563a00000, 0x0000000563a00000|
| 252|0x0000000563c00000, 0x0000000563c00000, 0x0000000563e00000|  0%| F|  |TS  0|AC  0|TAMS 0x0000000563c00000, 0x0000000563c00000|
| 253|0x0000000563e00000, 0x0000000563e00000, 0x0000000564000000|  0%| F|  |TS  0|AC  0|TAMS 0x0000000563e00000, 0x0000000563e00000|
| 254|0x0000000564000000, 0x0000000564000000, 0x0000000564200000|  0%| F|  |TS  0|AC  0|TAMS 0x0000000564000000, 0x0000000564000000|
| 255|0x0000000564200000, 0x0000000564200000, 0x0000000564400000|  0%| F|  |TS  0|AC  0|TAMS 0x0000000564200000, 0x0000000564200000|
| 256|0x0000000564400000, 0x0000000564400000, 0x0000000564600000|  0%| F|  |TS  0|AC  0|TAMS 0x0000000564400000, 0x0000000564400000|
| 257|0x0000000564600000, 0x0000000564600000, 0x0000000564800000|  0%| F|  |TS  0|AC  0|TAMS 0x0000000564600000, 0x0000000564600000|
| 258|0x0000000564800000, 0x0000000564800000, 0x0000000564a00000|  0%| F|  |TS  0|AC  0|TAMS 0x0000000564800000, 0x0000000564800000|
| 259|0x0000000564a00000, 0x0000000564a00000, 0x0000000564c00000|  0%| F|  |TS  0|AC  0|TAMS 0x0000000564a00000, 0x0000000564a00000|
| 260|0x0000000564c00000, 0x0000000564c00000, 0x0000000564e00000|  0%| F|  |TS  0|AC  0|TAMS 0x0000000564c00000, 0x0000000564c00000|
| 261|0x0000000564e00000, 0x0000000564e00000, 0x0000000565000000|  0%| F|  |TS  0|AC  0|TAMS 0x0000000564e00000, 0x0000000564e00000|
| 262|0x0000000565000000, 0x0000000565000000, 0x0000000565200000|  0%| F|  |TS  0|AC  0|TAMS 0x0000000565000000, 0x0000000565000000|
| 263|0x0000000565200000, 0x0000000565200000, 0x0000000565400000|  0%| F|  |TS  0|AC  0|TAMS 0x0000000565200000, 0x0000000565200000|
| 264|0x0000000565400000, 0x0000000565400000, 0x0000000565600000|  0%| F|  |TS  0|AC  0|TAMS 0x0000000565400000, 0x0000000565400000|
| 265|0x0000000565600000, 0x0000000565600000, 0x0000000565800000|  0%| F|  |TS  0|AC  0|TAMS 0x0000000565600000, 0x0000000565600000|
| 266|0x0000000565800000, 0x0000000565800000, 0x0000000565a00000|  0%| F|  |TS  0|AC  0|TAMS 0x0000000565800000, 0x0000000565800000|
| 267|0x0000000565a00000, 0x0000000565a00000, 0x0000000565c00000|  0%| F|  |TS  0|AC  0|TAMS 0x0000000565a00000, 0x0000000565a00000|
| 268|0x0000000565c00000, 0x0000000565c00000, 0x0000000565e00000|  0%| F|  |TS  0|AC  0|TAMS 0x0000000565c00000, 0x0000000565c00000|
| 269|0x0000000565e00000, 0x0000000565e00000, 0x0000000566000000|  0%| F|  |TS  0|AC  0|TAMS 0x0000000565e00000, 0x0000000565e00000|
| 270|0x0000000566000000, 0x0000000566000000, 0x0000000566200000|  0%| F|  |TS  0|AC  0|TAMS 0x0000000566000000, 0x0000000566000000|
| 271|0x0000000566200000, 0x0000000566200000, 0x0000000566400000|  0%| F|  |TS  0|AC  0|TAMS 0x0000000566200000, 0x0000000566200000|
| 272|0x0000000566400000, 0x0000000566400000, 0x0000000566600000|  0%| F|  |TS  0|AC  0|TAMS 0x0000000566400000, 0x0000000566400000|
| 273|0x0000000566600000, 0x0000000566600000, 0x0000000566800000|  0%| F|  |TS  0|AC  0|TAMS 0x0000000566600000, 0x0000000566600000|
| 274|0x0000000566800000, 0x0000000566800000, 0x0000000566a00000|  0%| F|  |TS  0|AC  0|TAMS 0x0000000566800000, 0x0000000566800000|
| 275|0x0000000566a00000, 0x0000000566a00000, 0x0000000566c00000|  0%| F|  |TS  0|AC  0|TAMS 0x0000000566a00000, 0x0000000566a00000|
| 276|0x0000000566c00000, 0x0000000566c00000, 0x0000000566e00000|  0%| F|  |TS  0|AC  0|TAMS 0x0000000566c00000, 0x0000000566c00000|
| 277|0x0000000566e00000, 0x0000000566e00000, 0x0000000567000000|  0%| F|  |TS  0|AC  0|TAMS 0x0000000566e00000, 0x0000000566e00000|
| 278|0x0000000567000000, 0x0000000567000000, 0x0000000567200000|  0%| F|  |TS  0|AC  0|TAMS 0x0000000567000000, 0x0000000567000000|
| 279|0x0000000567200000, 0x0000000567200000, 0x0000000567400000|  0%| F|  |TS  0|AC  0|TAMS 0x0000000567200000, 0x0000000567200000|
| 280|0x0000000567400000, 0x0000000567400000, 0x0000000567600000|  0%| F|  |TS  0|AC  0|TAMS 0x0000000567400000, 0x0000000567400000|
| 281|0x0000000567600000, 0x0000000567600000, 0x0000000567800000|  0%| F|  |TS  0|AC  0|TAMS 0x0000000567600000, 0x0000000567600000|
| 282|0x0000000567800000, 0x0000000567800000, 0x0000000567a00000|  0%| F|  |TS  0|AC  0|TAMS 0x0000000567800000, 0x0000000567800000|
| 283|0x0000000567a00000, 0x0000000567a00000, 0x0000000567c00000|  0%| F|  |TS  0|AC  0|TAMS 0x0000000567a00000, 0x0000000567a00000|
| 284|0x0000000567c00000, 0x0000000567c00000, 0x0000000567e00000|  0%| F|  |TS  0|AC  0|TAMS 0x0000000567c00000, 0x0000000567c00000|
| 285|0x0000000567e00000, 0x0000000567e00000, 0x0000000568000000|  0%| F|  |TS  0|AC  0|TAMS 0x0000000567e00000, 0x0000000567e00000|
| 286|0x0000000568000000, 0x0000000568000000, 0x0000000568200000|  0%| F|  |TS  0|AC  0|TAMS 0x0000000568000000, 0x0000000568000000|
| 287|0x0000000568200000, 0x0000000568200000, 0x0000000568400000|  0%| F|  |TS  0|AC  0|TAMS 0x0000000568200000, 0x0000000568200000|
| 288|0x0000000568400000, 0x0000000568400000, 0x0000000568600000|  0%| F|  |TS  0|AC  0|TAMS 0x0000000568400000, 0x0000000568400000|
| 289|0x0000000568600000, 0x0000000568600000, 0x0000000568800000|  0%| F|  |TS  0|AC  0|TAMS 0x0000000568600000, 0x0000000568600000|
| 290|0x0000000568800000, 0x0000000568800000, 0x0000000568a00000|  0%| F|  |TS  0|AC  0|TAMS 0x0000000568800000, 0x0000000568800000|
| 291|0x0000000568a00000, 0x0000000568a00000, 0x0000000568c00000|  0%| F|  |TS  0|AC  0|TAMS 0x0000000568a00000, 0x0000000568a00000|
| 292|0x0000000568c00000, 0x0000000568c00000, 0x0000000568e00000|  0%| F|  |TS  0|AC  0|TAMS 0x0000000568c00000, 0x0000000568c00000|
| 293|0x0000000568e00000, 0x0000000568e00000, 0x0000000569000000|  0%| F|  |TS  0|AC  0|TAMS 0x0000000568e00000, 0x0000000568e00000|
| 294|0x0000000569000000, 0x0000000569000000, 0x0000000569200000|  0%| F|  |TS  0|AC  0|TAMS 0x0000000569000000, 0x0000000569000000|
| 295|0x0000000569200000, 0x0000000569200000, 0x0000000569400000|  0%| F|  |TS  0|AC  0|TAMS 0x0000000569200000, 0x0000000569200000|
| 296|0x0000000569400000, 0x0000000569400000, 0x0000000569600000|  0%| F|  |TS  0|AC  0|TAMS 0x0000000569400000, 0x0000000569400000|
| 297|0x0000000569600000, 0x0000000569600000, 0x0000000569800000|  0%| F|  |TS  0|AC  0|TAMS 0x0000000569600000, 0x0000000569600000|
| 298|0x0000000569800000, 0x0000000569800000, 0x0000000569a00000|  0%| F|  |TS  0|AC  0|TAMS 0x0000000569800000, 0x0000000569800000|
| 299|0x0000000569a00000, 0x0000000569a00000, 0x0000000569c00000|  0%| F|  |TS  0|AC  0|TAMS 0x0000000569a00000, 0x0000000569a00000|
| 300|0x0000000569c00000, 0x0000000569c00000, 0x0000000569e00000|  0%| F|  |TS  0|AC  0|TAMS 0x0000000569c00000, 0x0000000569c00000|
| 301|0x0000000569e00000, 0x0000000569e00000, 0x000000056a000000|  0%| F|  |TS  0|AC  0|TAMS 0x0000000569e00000, 0x0000000569e00000|
| 302|0x000000056a000000, 0x000000056a000000, 0x000000056a200000|  0%| F|  |TS  0|AC  0|TAMS 0x000000056a000000, 0x000000056a000000|
| 303|0x000000056a200000, 0x000000056a200000, 0x000000056a400000|  0%| F|  |TS  0|AC  0|TAMS 0x000000056a200000, 0x000000056a200000|
| 304|0x000000056a400000, 0x000000056a400000, 0x000000056a600000|  0%| F|  |TS  0|AC  0|TAMS 0x000000056a400000, 0x000000056a400000|
| 305|0x000000056a600000, 0x000000056a600000, 0x000000056a800000|  0%| F|  |TS  0|AC  0|TAMS 0x000000056a600000, 0x000000056a600000|
| 306|0x000000056a800000, 0x000000056a800000, 0x000000056aa00000|  0%| F|  |TS  0|AC  0|TAMS 0x000000056a800000, 0x000000056a800000|
| 307|0x000000056aa00000, 0x000000056aa00000, 0x000000056ac00000|  0%| F|  |TS  0|AC  0|TAMS 0x000000056aa00000, 0x000000056aa00000|
| 308|0x000000056ac00000, 0x000000056ac00000, 0x000000056ae00000|  0%| F|  |TS  0|AC  0|TAMS 0x000000056ac00000, 0x000000056ac00000|
| 309|0x000000056ae00000, 0x000000056af9da98, 0x000000056b000000| 80%| E|  |TS  0|AC  0|TAMS 0x000000056ae00000, 0x000000056ae00000|
| 310|0x000000056b000000, 0x000000056b200000, 0x000000056b200000|100%| E|CS|TS  0|AC  0|TAMS 0x000000056b000000, 0x000000056b000000|
| 311|0x000000056b200000, 0x000000056b400000, 0x000000056b400000|100%| E|CS|TS  0|AC  0|TAMS 0x000000056b200000, 0x000000056b200000|
| 312|0x000000056b400000, 0x000000056b600000, 0x000000056b600000|100%| E|CS|TS  0|AC  0|TAMS 0x000000056b400000, 0x000000056b400000|
| 313|0x000000056b600000, 0x000000056b800000, 0x000000056b800000|100%| E|CS|TS  0|AC  0|TAMS 0x000000056b600000, 0x000000056b600000|
| 314|0x000000056b800000, 0x000000056ba00000, 0x000000056ba00000|100%| E|CS|TS  0|AC  0|TAMS 0x000000056b800000, 0x000000056b800000|
| 315|0x000000056ba00000, 0x000000056bc00000, 0x000000056bc00000|100%| E|CS|TS  0|AC  0|TAMS 0x000000056ba00000, 0x000000056ba00000|
| 316|0x000000056bc00000, 0x000000056be00000, 0x000000056be00000|100%| E|CS|TS  0|AC  0|TAMS 0x000000056bc00000, 0x000000056bc00000|
| 317|0x000000056be00000, 0x000000056c000000, 0x000000056c000000|100%| E|CS|TS  0|AC  0|TAMS 0x000000056be00000, 0x000000056be00000|

Card table byte_map: [0x0000022ac6400000,0x0000022ac77e0000] byte_map_base: 0x0000022ac39de000

Marking Bits (Prev, Next): (CMBitMap*) 0x0000022aab246150, (CMBitMap*) 0x0000022aab246188
 Prev Bits: [0x0000022ac8bc0000, 0x0000022ad2ab0000)
 Next Bits: [0x0000022ad2ab0000, 0x0000022adc9a0000)

Polling page: 0x0000022aab130000

CodeHeap 'non-profiled nmethods': size=119168Kb used=238Kb max_used=238Kb free=118929Kb
 bounds [0x0000022abb410000, 0x0000022abb680000, 0x0000022ac2870000]
CodeHeap 'profiled nmethods': size=119168Kb used=1551Kb max_used=1551Kb free=117616Kb
 bounds [0x0000022ab3fb0000, 0x0000022ab4220000, 0x0000022abb410000]
CodeHeap 'non-nmethods': size=7424Kb used=3281Kb max_used=3293Kb free=4142Kb
 bounds [0x0000022ab3870000, 0x0000022ab3bb0000, 0x0000022ab3fb0000]
 total_blobs=1976 nmethods=844 adapters=872
 compilation: enabled

Compilation events (10 events):
Event: 0.784 Thread 0x0000022ae08bc000 nmethod 840 0x0000022ab412f610 code [0x0000022ab412f7c0, 0x0000022ab412f950]
Event: 0.784 Thread 0x0000022ae08bc000  841       3       java.nio.channels.spi.AbstractInterruptibleChannel::end (53 bytes)
Event: 0.784 Thread 0x0000022ae08bf000  842       3       sun.nio.ch.Util::getTemporaryDirectBuffer (55 bytes)
Event: 0.784 Thread 0x0000022ae08bf800 nmethod 839 0x0000022ab412fa10 code [0x0000022ab412fc40, 0x0000022ab4130660]
Event: 0.784 Thread 0x0000022ae08bf800  844       3       java.nio.MappedByteBuffer::flip (5 bytes)
Event: 0.784 Thread 0x0000022ae08be000  843       3       sun.nio.ch.Util$BufferCache::get (164 bytes)
Event: 0.784 Thread 0x0000022ae08bc000 nmethod 841 0x0000022ab4130990 code [0x0000022ab4130ba0, 0x0000022ab4131400]
Event: 0.784 Thread 0x0000022ae08bf800 nmethod 844 0x0000022ab4131690 code [0x0000022ab4131840, 0x0000022ab4131b58]
Event: 0.784 Thread 0x0000022ae08bf000 nmethod 842 0x0000022ab4131c90 code [0x0000022ab4131f00, 0x0000022ab4132950]
Event: 0.784 Thread 0x0000022ae08be000 nmethod 843 0x0000022ab4132c90 code [0x0000022ab4132ee0, 0x0000022ab4133ac0]

GC Heap History (0 events):
No events

Deoptimization events (5 events):
Event: 0.076 Thread 0x0000022aab199800 Uncommon trap: reason=unstable_if action=reinterpret pc=0x0000022abb416814 method=java.lang.StringLatin1.indexOf([BII)I @ 23 c2
Event: 0.079 Thread 0x0000022aab199800 Uncommon trap: reason=range_check action=reinterpret pc=0x0000022abb4138e8 method=java.lang.StringLatin1.indexOf([BII)I @ 13 c2
Event: 0.087 Thread 0x0000022aab199800 Uncommon trap: reason=unstable_if action=reinterpret pc=0x0000022abb412e1c method=java.lang.String.charAt(I)C @ 4 c2
Event: 0.149 Thread 0x0000022aab199800 Uncommon trap: reason=unstable_if action=reinterpret pc=0x0000022abb42f2fc method=java.io.WinNTFileSystem.isSlash(C)Z @ 9 c2
Event: 0.164 Thread 0x0000022aab199800 Uncommon trap: reason=unstable_if action=reinterpret pc=0x0000022abb420458 method=sun.nio.fs.WindowsPathParser.isSlash(C)Z @ 9 c2

Classes redefined (0 events):
No events

Internal exceptions (10 events):
Event: 0.636 Thread 0x0000022aab199800 Exception <a 'sun/nio/fs/WindowsException'{0x000000056b69d520}> (0x000000056b69d520) thrown at [t:/workspace/hotspot/src/share/vm/prims/jni.cpp, line 604]
Event: 0.636 Thread 0x0000022aab199800 Exception <a 'sun/nio/fs/WindowsException'{0x000000056b69d8d0}> (0x000000056b69d8d0) thrown at [t:/workspace/hotspot/src/share/vm/prims/jni.cpp, line 604]
Event: 0.640 Thread 0x0000022aab199800 Exception <a 'sun/nio/fs/WindowsException'{0x000000056b6b10b8}> (0x000000056b6b10b8) thrown at [t:/workspace/hotspot/src/share/vm/prims/jni.cpp, line 604]
Event: 0.640 Thread 0x0000022aab199800 Exception <a 'sun/nio/fs/WindowsException'{0x000000056b6b13a0}> (0x000000056b6b13a0) thrown at [t:/workspace/hotspot/src/share/vm/prims/jni.cpp, line 604]
Event: 0.777 Thread 0x0000022aab199800 Exception <a 'sun/nio/fs/WindowsException'{0x000000056af18b68}> (0x000000056af18b68) thrown at [t:/workspace/hotspot/src/share/vm/prims/jni.cpp, line 604]
Event: 0.777 Thread 0x0000022aab199800 Exception <a 'sun/nio/fs/WindowsException'{0x000000056af18e58}> (0x000000056af18e58) thrown at [t:/workspace/hotspot/src/share/vm/prims/jni.cpp, line 604]
Event: 0.777 Thread 0x0000022aab199800 Exception <a 'sun/nio/fs/WindowsException'{0x000000056af19a08}> (0x000000056af19a08) thrown at [t:/workspace/hotspot/src/share/vm/prims/jni.cpp, line 604]
Event: 0.778 Thread 0x0000022aab199800 Exception <a 'sun/nio/fs/WindowsException'{0x000000056af1ea98}> (0x000000056af1ea98) thrown at [t:/workspace/hotspot/src/share/vm/prims/jni.cpp, line 604]
Event: 0.784 Thread 0x0000022aab199800 Exception <a 'sun/nio/fs/WindowsException'{0x000000056af21740}> (0x000000056af21740) thrown at [t:/workspace/hotspot/src/share/vm/prims/jni.cpp, line 604]
Event: 0.784 Thread 0x0000022aab199800 Exception <a 'sun/nio/fs/WindowsException'{0x000000056af21ac8}> (0x000000056af21ac8) thrown at [t:/workspace/hotspot/src/share/vm/prims/jni.cpp, line 604]

Events (10 events):
Event: 0.772 loading class renderer/Texture
Event: 0.772 loading class renderer/Texture done
Event: 0.775 loading class org/lwjgl/stb/STBImage
Event: 0.775 loading class org/lwjgl/stb/STBImage done
Event: 0.776 loading class org/lwjgl/stb/LibSTB
Event: 0.776 loading class org/lwjgl/stb/LibSTB done
Event: 0.777 loading class java/nio/file/FileAlreadyExistsException
Event: 0.777 loading class java/nio/file/FileAlreadyExistsException done
Event: 0.778 loading class java/nio/file/StandardCopyOption
Event: 0.778 loading class java/nio/file/StandardCopyOption done


Dynamic libraries:
0x00007ff6b0c40000 - 0x00007ff6b0c7e000 	C:\Program Files\Java\jre-9.0.4\bin\javaw.exe
0x00007ff81d200000 - 0x00007ff81d468000 	C:\WINDOWS\SYSTEM32\ntdll.dll
0x00007ff81cf20000 - 0x00007ff81cfe9000 	C:\WINDOWS\System32\KERNEL32.DLL
0x00007ff81a670000 - 0x00007ff81aa5d000 	C:\WINDOWS\System32\KERNELBASE.dll
0x00007ff81b150000 - 0x00007ff81b204000 	C:\WINDOWS\System32\ADVAPI32.dll
0x00007ff81afa0000 - 0x00007ff81b049000 	C:\WINDOWS\System32\msvcrt.dll
0x00007ff81d110000 - 0x00007ff81d1b6000 	C:\WINDOWS\System32\sechost.dll
0x00007ff81b630000 - 0x00007ff81b748000 	C:\WINDOWS\System32\RPCRT4.dll
0x00007ff81cc40000 - 0x00007ff81ce0c000 	C:\WINDOWS\System32\USER32.dll
0x00007ff81a4c0000 - 0x00007ff81a4e7000 	C:\WINDOWS\System32\win32u.dll
0x00007ff81cc10000 - 0x00007ff81cc3b000 	C:\WINDOWS\System32\GDI32.dll
0x00007ff81aa60000 - 0x00007ff81ab97000 	C:\WINDOWS\System32\gdi32full.dll
0x00007ff81a410000 - 0x00007ff81a4b3000 	C:\WINDOWS\System32\msvcp_win.dll
0x00007ff81acd0000 - 0x00007ff81ae1b000 	C:\WINDOWS\System32\ucrtbase.dll
0x00007ff8011c0000 - 0x00007ff80145a000 	C:\WINDOWS\WinSxS\amd64_microsoft.windows.common-controls_6595b64144ccf1df_6.0.26100.4484_none_3e0e6d4ce32ef3b3\COMCTL32.dll
0x00007ff812cf0000 - 0x00007ff812cfb000 	C:\WINDOWS\SYSTEM32\VERSION.dll
0x00007ff81b050000 - 0x00007ff81b07f000 	C:\WINDOWS\System32\IMM32.DLL
0x00007fffc7bb0000 - 0x00007fffc7c9f000 	C:\Program Files\Java\jre-9.0.4\bin\msvcr120.dll
0x00007fffc3150000 - 0x00007fffc31f6000 	C:\Program Files\Java\jre-9.0.4\bin\msvcp120.dll
0x0000000068450000 - 0x0000000068e75000 	C:\Program Files\Java\jre-9.0.4\bin\server\jvm.dll
0x00007ff81cbf0000 - 0x00007ff81cbf8000 	C:\WINDOWS\System32\PSAPI.DLL
0x00007ffff7ee0000 - 0x00007ffff7eea000 	C:\WINDOWS\SYSTEM32\WSOCK32.dll
0x00007ff812780000 - 0x00007ff8127b5000 	C:\WINDOWS\SYSTEM32\WINMM.dll
0x00007ff81c330000 - 0x00007ff81c3a4000 	C:\WINDOWS\System32\WS2_32.dll
0x00007ff814a10000 - 0x00007ff814a1f000 	C:\Program Files\Java\jre-9.0.4\bin\verify.dll
0x00007ffff03b0000 - 0x00007ffff03d7000 	C:\Program Files\Java\jre-9.0.4\bin\java.dll
0x00007ff804140000 - 0x00007ff804156000 	C:\Program Files\Java\jre-9.0.4\bin\zip.dll
0x00007ff812a00000 - 0x00007ff812a0a000 	C:\Program Files\Java\jre-9.0.4\bin\jimage.dll
0x00007ff81b750000 - 0x00007ff81be9a000 	C:\WINDOWS\System32\SHELL32.dll
0x00007ff81a4f0000 - 0x00007ff81a664000 	C:\WINDOWS\System32\wintypes.dll
0x00007ff81c6a0000 - 0x00007ff81ca26000 	C:\WINDOWS\System32\combase.dll
0x00007ff817fa0000 - 0x00007ff8187fb000 	C:\WINDOWS\SYSTEM32\windows.storage.dll
0x00007ff81b530000 - 0x00007ff81b625000 	C:\WINDOWS\System32\SHCORE.dll
0x00007ff81b0e0000 - 0x00007ff81b14a000 	C:\WINDOWS\System32\shlwapi.dll
0x00007ff81a260000 - 0x00007ff81a28f000 	C:\WINDOWS\SYSTEM32\profapi.dll
0x00007ffff0390000 - 0x00007ffff03aa000 	C:\Program Files\Java\jre-9.0.4\bin\net.dll
0x00007ff8122e0000 - 0x00007ff8123fe000 	C:\WINDOWS\SYSTEM32\WINHTTP.dll
0x00007ff8197a0000 - 0x00007ff81980a000 	C:\WINDOWS\system32\mswsock.dll
0x00007ffff0370000 - 0x00007ffff0381000 	C:\Program Files\Java\jre-9.0.4\bin\nio.dll
0x00007ffffaca0000 - 0x00007ffffad04000 	C:\Users\antoi\AppData\Local\Temp\lwjglantoi\3.2.3-build-13\lwjgl.dll
0x00007fffed660000 - 0x00007fffed6c2000 	C:\Users\antoi\AppData\Local\Temp\lwjglantoi\3.2.3-build-13\glfw.dll
0x00007ff816ac0000 - 0x00007ff816b6f000 	C:\WINDOWS\system32\uxtheme.dll
0x00007fffef490000 - 0x00007fffef4db000 	C:\WINDOWS\SYSTEM32\dinput8.dll
0x00007ff8046e0000 - 0x00007ff8046f2000 	C:\WINDOWS\SYSTEM32\xinput1_4.dll
0x00007ff819fb0000 - 0x00007ff81a007000 	C:\WINDOWS\SYSTEM32\cfgmgr32.dll
0x00007ff81a010000 - 0x00007ff81a03d000 	C:\WINDOWS\SYSTEM32\DEVOBJ.dll
0x00007ff816dd0000 - 0x00007ff816e06000 	C:\WINDOWS\SYSTEM32\dwmapi.dll
0x00007ff805b70000 - 0x00007ff805d53000 	C:\WINDOWS\SYSTEM32\inputhost.dll
0x00007ff8166e0000 - 0x00007ff816805000 	C:\WINDOWS\SYSTEM32\CoreMessaging.dll
0x00007ff81aba0000 - 0x00007ff81ac39000 	C:\WINDOWS\System32\bcryptPrimitives.dll
0x00007ff81b3c0000 - 0x00007ff81b520000 	C:\WINDOWS\System32\MSCTF.dll
0x00007ff819a70000 - 0x00007ff819a7c000 	C:\WINDOWS\SYSTEM32\CRYPTBASE.DLL
0x00007ff818800000 - 0x00007ff81880f000 	C:\WINDOWS\SYSTEM32\HID.DLL
0x00007ff81bea0000 - 0x00007ff81c326000 	C:\WINDOWS\System32\SETUPAPI.DLL
0x00007ff81ac40000 - 0x00007ff81acc4000 	C:\WINDOWS\System32\WINTRUST.dll
0x00007ff81ae20000 - 0x00007ff81af97000 	C:\WINDOWS\System32\CRYPT32.dll
0x00007ff819b80000 - 0x00007ff819b93000 	C:\WINDOWS\SYSTEM32\MSASN1.dll
0x00007ffff67a0000 - 0x00007ffff68b8000 	C:\WINDOWS\SYSTEM32\opengl32.dll
0x00007ffff4f60000 - 0x00007ffff4f8d000 	C:\WINDOWS\SYSTEM32\GLU32.dll
0x00007ff8173e0000 - 0x00007ff81742d000 	C:\WINDOWS\SYSTEM32\dxcore.dll
0x00007ff816be0000 - 0x00007ff816c44000 	C:\WINDOWS\SYSTEM32\directxdatabasehelper.dll
0x00007ff819210000 - 0x00007ff81922b000 	C:\WINDOWS\SYSTEM32\kernel.appcore.dll
0x00007ff806570000 - 0x00007ff80658a000 	C:\WINDOWS\SYSTEM32\windows.staterepositorycore.dll
0x00007fff72610000 - 0x00007fff7373b000 	C:\Windows\System32\DriverStore\FileRepository\iigd_dch.inf_amd64_a582115f5de863e1\igxelpicd64.dll
0x00007ff81b210000 - 0x00007ff81b3ae000 	C:\WINDOWS\System32\ole32.dll
0x00007ff816c50000 - 0x00007ff816d88000 	C:\WINDOWS\system32\dxgi.dll
0x00007fffc0e20000 - 0x00007fffc0f75000 	C:\Windows\System32\DriverStore\FileRepository\iigd_dch.inf_amd64_a582115f5de863e1\igdml64.dll
0x00007ff80e320000 - 0x00007ff80e758000 	C:\Windows\System32\DriverStore\FileRepository\iigd_dch.inf_amd64_a582115f5de863e1\igdgmm64.dll
0x00007ff80a110000 - 0x00007ff80dfbd000 	C:\Windows\System32\DriverStore\FileRepository\iigd_dch.inf_amd64_a582115f5de863e1\igc64.dll
0x00007ff818f50000 - 0x00007ff818fae000 	C:\WINDOWS\SYSTEM32\powrprof.dll
0x00007ff818f30000 - 0x00007ff818f44000 	C:\WINDOWS\SYSTEM32\UMPDC.dll
0x00007ff81c5b0000 - 0x00007ff81c690000 	C:\WINDOWS\System32\OLEAUT32.dll
0x00007ff806d50000 - 0x00007ff806ea0000 	C:\WINDOWS\SYSTEM32\textinputframework.dll
0x00007ff8117d0000 - 0x00007ff811ab3000 	C:\WINDOWS\SYSTEM32\CoreUIComponents.dll
0x00007fffedc80000 - 0x00007fffedcd9000 	C:\Users\antoi\AppData\Local\Temp\lwjglantoi\3.2.3-build-13\lwjgl_opengl.dll
0x00007fffecf40000 - 0x00007fffecfb7000 	C:\Users\antoi\AppData\Local\Temp\lwjglantoi\3.2.3-build-13\lwjgl_stb.dll
0x00007ff817a40000 - 0x00007ff817c81000 	C:\WINDOWS\SYSTEM32\dbghelp.dll

VM Arguments:
jvm_args: -ea -Dfile.encoding=Cp1252 
java_command: Main
java_class_path (initial): C:\Users\antoi\Eclipse\MarioWorld\bin\main;C:\Users\antoi\.gradle\caches\modules-2\files-2.1\org.apache.commons\commons-math3\3.6.1\e4ba98f1d4b3c80ec46392f25e094a6a2e58fcbf\commons-math3-3.6.1.jar;C:\Users\antoi\.gradle\caches\modules-2\files-2.1\com.google.guava\guava\23.0\c947004bb13d18182be60077ade044099e4f26f1\guava-23.0.jar;C:\Users\antoi\.gradle\caches\modules-2\files-2.1\org.lwjgl\lwjgl-assimp\3.2.3\f62aa07a20afbdd3097efc296c4841e0d29700eb\lwjgl-assimp-3.2.3.jar;C:\Users\antoi\.gradle\caches\modules-2\files-2.1\org.lwjgl\lwjgl-glfw\3.2.3\5e520d5c290c8b012545a8d34fa5db5ab051ea53\lwjgl-glfw-3.2.3.jar;C:\Users\antoi\.gradle\caches\modules-2\files-2.1\org.lwjgl\lwjgl-openal\3.2.3\106742e805803ab9eab8e343f0fb31a3d263903c\lwjgl-openal-3.2.3.jar;C:\Users\antoi\.gradle\caches\modules-2\files-2.1\org.lwjgl\lwjgl-opengl\3.2.3\bdd534a323d0c8f54969b95e424b6ac8984f7d6e\lwjgl-opengl-3.2.3.jar;C:\Users\antoi\.gradle\caches\modules-2\files-2.1\org.lwjgl\lwjgl-stb\3.2.3\40eccaa4fa86fc815f2e17946a392fb5fdcc286a\lwjgl-stb-3.2.3.jar;C:\Users\antoi\.gradle\caches\modules-2\files-2.1\org.lwjgl\lwjgl\3.2.3\17a59ba0fe8d474ec9dbe0d5db40d2cfe59c4c08\lwjgl-3.2.3.jar;C:\Users\antoi\.gradle\caches\modules-2\files-2.1\org.joml\joml\1.10.7\f8c3f2e7db281bde099342dd36133de4bbba390c\joml-1.10.7.jar;C:\Users\antoi\.gradle\caches\modules-2\files-2.1\com.google.code.findbugs\jsr305\1.3.9\40719ea6961c0cb6afaeb6a921eaa1f6afd4cfdf\jsr305-1.3.9.jar;C:\Users\antoi\.gradle\caches\modules-2\files-2.1\com.google.errorprone\error_prone_annotations\2.0.18\5f65affce1684999e2f4024983835efc3504012e\error_prone_annotations-2.0.18.jar;C:\Users\antoi\.gradle\caches\modules-2\files-2.1\com.google.j2objc\j2objc-annotations\1.1\ed28ded51a8b1c6b112568def5f4b455e6809019\j2objc-annotations-1.1.jar;C:\Users\antoi\.gradle\caches\modules-2\files-2.1\org.codehaus.mojo\animal-sniffer-annotations\1.14\775b7e22fb10026eed3f86e8dc556dfafe35f2d5\animal-sniffer-annotations-1.14.jar;C:\Users\antoi\.g
Launcher Type: SUN_STANDARD

Logging:
Log output configuration:
#0: stdout all=warning uptime,level,tags
#1: stderr all=off uptime,level,tags

Environment Variables:
PATH=C:\ProgramData\Oracle\Java\javapath;C:\Python313\Scripts\;C:\Python313\;C:\Program Files\Common Files\Oracle\Java\javapath;C:\Program Files (x86)\Common Files\Oracle\Java\java8path;C:\Program Files (x86)\Common Files\Oracle\Java\javapath;C:\Program Files (x86)\VMware\VMware Player\bin\;C:\Windows\system32;C:\Windows;C:\Windows\System32\Wbem;C:\Windows\System32\WindowsPowerShell\v1.0\;C:\Windows\System32\OpenSSH\;C:\Program Files (x86)\NVIDIA Corporation\PhysX\Common;C:\Program Files\python2;C:\Program Files\dotnet\;C:\WINDOWS\system32;C:\WINDOWS;C:\WINDOWS\System32\Wbem;C:\WINDOWS\System32\WindowsPowerShell\v1.0\;C:\WINDOWS\System32\OpenSSH\;C:\ProgramData\chocolatey\bin;C:\Program Files\Git\cmd;C:\Program Files (x86)\Common Files\Acronis\SnapAPI\;C:\Program Files (x86)\Common Files\Acronis\VirtualFile\;C:\Program Files (x86)\Common Files\Acronis\VirtualFile64\;C:\WINDOWS\system32;C:\WINDOWS;C:\WINDOWS\System32\Wbem;C:\WINDOWS\System32\WindowsPowerShell\v1.0\;C:\WINDOWS\System32\OpenSSH\;C:\Program Files\NVIDIA Corporation\NVIDIA app\NvDLISR;C:\Program Files\nodejs\;C:\Program Files (x86)\Windows Kits\10\Windows Performance Toolkit\;C:\Program Files (x86)\Common Files\Acronis\FileProtector\;C:\Program Files (x86)\Common Files\Acronis\FileProtector64\;C:\Users\antoi\AppData\Local\Microsoft\WindowsApps;C:\ProgramData\chocolatey\lib\mingw\tools\install\mingw64\bin;C:\Users\antoi\AppData\Local\Programs\MiKTeX\miktex\bin\x64\;C:\Users\antoi\AppData\Local\Programs\Microsoft VS Code\bin;C:\Users\antoi\AppData\Local\Programs\FirefoxPWA\;C:\Program Files\JetBrains\PyCharm Community Edition 2023.2.1\bin;C:\Users\antoi\AppData\Roaming\npm;C:\Users\antoi\AppData\Roaming\Programs\Zero Install;C:\Users\antoi\AppData\Local\Programs\cursor\resources\app\bin
USERNAME=antoi
OS=Windows_NT
PROCESSOR_IDENTIFIER=Intel64 Family 6 Model 154 Stepping 3, GenuineIntel



---------------  S Y S T E M  ---------------

OS: Windows 10 , 64 bit Build 26100 (10.0.26100.4484)

CPU:total 20 (initial active 20) (10 cores per cpu, 2 threads per core) family 6 model 154 stepping 3, cmov, cx8, fxsr, mmx, sse, sse2, sse3, ssse3, sse4.1, sse4.2, popcnt, avx, avx2, aes, clmul, erms, 3dnowpref, lzcnt, ht, tsc, tscinvbit, bmi1, bmi2, adx, sha, fma

Memory: 4k page, physical 41660920k(24545424k free), swap 44806648k(18003524k free)

vm_info: Java HotSpot(TM) 64-Bit Server VM (9.0.4+11) for windows-amd64 JRE (9.0.4+11), built on Dec 20 2017 02:18:54 by "mach5one" with MS VC++ 12.0 (VS2013)

END.
